<?xml version="1.0" encoding="UTF-8"?>
<testng-results ignored="0" total="1" passed="1" failed="0" skipped="0">
  <reporter-output>
  </reporter-output>
  <suite started-at="2021-02-28T10:04:00 IST" name="Default suite" finished-at="2021-02-28T10:04:00 IST" duration-ms="220">
    <groups>
    </groups>
    <test started-at="2021-02-28T10:04:00 IST" name="Default test" finished-at="2021-02-28T10:04:00 IST" duration-ms="220">
      <class name="testNG_Codes.HierachyExample">
        <test-method is-config="true" signature="beforeSuite()[pri:0, instance:testNG_Codes.HierachyExample@7f552bd3]" started-at="2021-02-28T10:04:00 IST" name="beforeSuite" finished-at="2021-02-28T10:04:00 IST" duration-ms="78" status="PASS">
          <reporter-output>
          </reporter-output>
        </test-method> <!-- beforeSuite -->
        <test-method is-config="true" signature="beforeTest()[pri:0, instance:testNG_Codes.HierachyExample@7f552bd3]" started-at="2021-02-28T10:04:00 IST" name="beforeTest" finished-at="2021-02-28T10:04:00 IST" duration-ms="2" status="PASS">
          <reporter-output>
          </reporter-output>
        </test-method> <!-- beforeTest -->
        <test-method is-config="true" signature="beforeClass()[pri:0, instance:testNG_Codes.HierachyExample@7f552bd3]" started-at="2021-02-28T10:04:00 IST" name="beforeClass" finished-at="2021-02-28T10:04:00 IST" duration-ms="30" status="PASS">
          <reporter-output>
          </reporter-output>
        </test-method> <!-- beforeClass -->
        <test-method is-config="true" signature="beforeMethod()[pri:0, instance:testNG_Codes.HierachyExample@7f552bd3]" started-at="2021-02-28T10:04:00 IST" name="beforeMethod" finished-at="2021-02-28T10:04:00 IST" duration-ms="1" status="PASS">
          <reporter-output>
          </reporter-output>
        </test-method> <!-- beforeMethod -->
        <test-method signature="f()[pri:0, instance:testNG_Codes.HierachyExample@7f552bd3]" started-at="2021-02-28T10:04:00 IST" name="f" finished-at="2021-02-28T10:04:00 IST" duration-ms="53" status="PASS">
          <reporter-output>
          </reporter-output>
        </test-method> <!-- f -->
        <test-method is-config="true" signature="afterMethod()[pri:0, instance:testNG_Codes.HierachyExample@7f552bd3]" started-at="2021-02-28T10:04:00 IST" name="afterMethod" finished-at="2021-02-28T10:04:00 IST" duration-ms="0" status="PASS">
          <reporter-output>
          </reporter-output>
        </test-method> <!-- afterMethod -->
        <test-method is-config="true" signature="afterClass()[pri:0, instance:testNG_Codes.HierachyExample@7f552bd3]" started-at="2021-02-28T10:04:00 IST" name="afterClass" finished-at="2021-02-28T10:04:00 IST" duration-ms="0" status="PASS">
          <reporter-output>
          </reporter-output>
        </test-method> <!-- afterClass -->
        <test-method is-config="true" signature="afterTest()[pri:0, instance:testNG_Codes.HierachyExample@7f552bd3]" started-at="2021-02-28T10:04:00 IST" name="afterTest" finished-at="2021-02-28T10:04:00 IST" duration-ms="3" status="PASS">
          <reporter-output>
          </reporter-output>
        </test-method> <!-- afterTest -->
        <test-method is-config="true" signature="afterSuite()[pri:0, instance:testNG_Codes.HierachyExample@7f552bd3]" started-at="2021-02-28T10:04:00 IST" name="afterSuite" finished-at="2021-02-28T10:04:00 IST" duration-ms="2" status="PASS">
          <reporter-output>
          </reporter-output>
        </test-method> <!-- afterSuite -->
      </class> <!-- testNG_Codes.HierachyExample -->
    </test> <!-- Default test -->
  </suite> <!-- Default suite -->
</testng-results>
